<?xml version="1.0" encoding="UTF-8"?>
<!-- Generated by org.testng.reporters.JUnitReportReporter -->
<testsuite hostname="5CG6332Q3H" name="com.ctli.it.testcases.LoginTestCase" tests="1" failures="0" timestamp="16 Aug 2017 12:36:49 GMT" time="27.852" errors="0">
  <testcase name="testcase" time="27.852" classname="com.ctli.it.testcases.LoginTestCase"/>
</testsuite> <!-- com.ctli.it.testcases.LoginTestCase -->
