<?xml version="1.0" encoding="UTF-8"?>
<!-- Generated by org.testng.reporters.JUnitReportReporter -->
<testsuite hostname="XIN009OLAB14917" name="com.ctli.it.testcases.LoginTestCase" tests="1" failures="0" timestamp="23 Aug 2017 06:22:09 GMT" time="27.568" errors="0">
  <testcase name="testcase" time="27.568" classname="com.ctli.it.testcases.LoginTestCase"/>
</testsuite> <!-- com.ctli.it.testcases.LoginTestCase -->
