<?xml version="1.0" encoding="UTF-8"?>
<!-- Generated by org.testng.reporters.JUnitReportReporter -->
<testsuite hostname="5CG6332Q3H" name="com.ctli.it.lib.ExtentDemo" tests="1" failures="0" timestamp="14 Aug 2017 11:45:37 GMT" time="17.524" errors="0">
  <testcase name="enterInvalidEmailId_SignUpForm" time="17.524" classname="com.ctli.it.lib.ExtentDemo"/>
</testsuite> <!-- com.ctli.it.lib.ExtentDemo -->
