<?xml version="1.0" encoding="UTF-8"?>
<!-- Generated by org.testng.reporters.JUnitReportReporter -->
<testsuite hostname="5CG6332Q3H" name="com.ctli.it.mobiletestcase.GooglePageTestCase" tests="1" failures="0" timestamp="21 Aug 2017 13:59:25 GMT" time="46.684" errors="0">
  <testcase name="test" time="46.684" classname="com.ctli.it.mobiletestcase.GooglePageTestCase"/>
</testsuite> <!-- com.ctli.it.mobiletestcase.GooglePageTestCase -->
