<?xml version="1.0" encoding="UTF-8"?>
<!-- Generated by org.testng.reporters.JUnitReportReporter -->
<testsuite hostname="5CG6332Q3H" name="com.ctli.it.lib.Chrome" tests="1" failures="0" timestamp="22 Aug 2017 12:28:39 GMT" time="32.585" errors="0">
  <testcase name="test" time="32.585" classname="com.ctli.it.lib.Chrome"/>
</testsuite> <!-- com.ctli.it.lib.Chrome -->
